Renderer info: NVIDIA GeForce RTX 3060/PCIe/SSE2 version 4.6.0 NVIDIA 546.65 from NVIDIA Corporation
Depth buffer bits: 24
Multisampling enabled
Adding file system path "E:/quake-leveldesign-starterkit-20240916-windows/level-editor\\defaults\\assets"
Loading document from E:\quake-leveldesign-starterkit-20240916-windows\tools\ironwail\id1\maps\Heaven-Defense\HeavenDefense.map
Found 0 shaders
Loaded entity definition file Quake.fgd
Could not load wad file at '"D:/quake-leveldesign-starterkit-20240916-windows/extras/quake/prototype-wad/prototype_basic_1_3.wad"': Failed to open '': path does not denote a file
Could not load wad file at '"D:/quake-leveldesign-starterkit-20240916-windows/extras/quake/trenchbroom-quake-map-source/QUAKE101.WAD"': Failed to open '': path does not denote a file
Found 0 shaders
Loaded "E:\\quake-leveldesign-starterkit-20240916-windows\\tools\\ironwail\\id1\\maps\\Heaven-Defense\\HeavenDefense.map" in 92ms
Could not load wad file at '"D:/quake-leveldesign-starterkit-20240916-windows/extras/quake/prototype-wad/prototype_basic_1_3.wad"': Failed to open '': path does not denote a file
Could not load wad file at '"D:/quake-leveldesign-starterkit-20240916-windows/extras/quake/trenchbroom-quake-map-source/QUAKE101.WAD"': Failed to open '': path does not denote a file
Found 0 shaders
Reloading material collections
Could not load wad file at '"D:/quake-leveldesign-starterkit-20240916-windows/extras/quake/prototype-wad/prototype_basic_1_3.wad"': Failed to open '': path does not denote a file
Could not load wad file at '"D:/quake-leveldesign-starterkit-20240916-windows/extras/quake/trenchbroom-quake-map-source/QUAKE101.WAD"': Failed to open '': path does not denote a file
Found 0 shaders
Reloading material collections
Could not load wad file at '"D:/quake-leveldesign-starterkit-20240916-windows/extras/quake/prototype-wad/prototype_basic_1_3.wad"': Failed to open '': path does not denote a file
Could not load wad file at '"D:/quake-leveldesign-starterkit-20240916-windows/extras/quake/trenchbroom-quake-map-source/QUAKE101.WAD"': Failed to open '': path does not denote a file
Found 0 shaders
Reloading material collections
Could not load wad file at '"D:/quake-leveldesign-starterkit-20240916-windows/extras/quake/prototype-wad/prototype_basic_1_3.wad"': Failed to open '': path does not denote a file
Could not load wad file at '"D:/quake-leveldesign-starterkit-20240916-windows/extras/quake/trenchbroom-quake-map-source/QUAKE101.WAD"': Failed to open '': path does not denote a file
Found 0 shaders
Could not load wad file at '"D:/quake-leveldesign-starterkit-20240916-windows/extras/quake/prototype-wad/prototype_basic_1_3.wad"': Failed to open '': path does not denote a file
Could not load wad file at '"D:/quake-leveldesign-starterkit-20240916-windows/extras/quake/trenchbroom-quake-map-source/QUAKE101.WAD"': Failed to open '': path does not denote a file
Found 0 shaders
Could not load wad file at '"D:/quake-leveldesign-starterkit-20240916-windows/extras/quake/prototype-wad/prototype_basic_1_3.wad"': Failed to open '': path does not denote a file
Could not load wad file at '"D:/quake-leveldesign-starterkit-20240916-windows/extras/quake/trenchbroom-quake-map-source/QUAKE101.WAD"': Failed to open '': path does not denote a file
Found 0 shaders
Could not load wad file at '"D:/quake-leveldesign-starterkit-20240916-windows/extras/quake/prototype-wad/prototype_basic_1_3.wad"': Failed to open '': path does not denote a file
Could not load wad file at '"D:/quake-leveldesign-starterkit-20240916-windows/extras/quake/trenchbroom-quake-map-source/QUAKE101.WAD"': Failed to open '': path does not denote a file
Found 0 shaders
Could not load wad file at '"D:/quake-leveldesign-starterkit-20240916-windows/extras/quake/prototype-wad/prototype_basic_1_3.wad"': Failed to open '': path does not denote a file
Could not load wad file at '"D:/quake-leveldesign-starterkit-20240916-windows/extras/quake/trenchbroom-quake-map-source/QUAKE101.WAD"': Failed to open '': path does not denote a file
Found 0 shaders
Found 0 shaders
Found 0 shaders
Reloading material collections
Found 0 shaders
Reloading material collections
Found 0 shaders
Reloading material collections
Found 0 shaders
Found 0 shaders
